<?xml version="1.0" encoding="UTF-8"?>
<testng-results skipped="0" failed="0" total="1" passed="1">
  <reporter-output>
  </reporter-output>
  <suite name="Suite" duration-ms="25186" started-at="2020-10-08T08:19:13Z" finished-at="2020-10-08T08:19:38Z">
    <groups>
    </groups>
    <test name="Test" duration-ms="25186" started-at="2020-10-08T08:19:13Z" finished-at="2020-10-08T08:19:38Z">
      <class name="tests.Search_iphoneTest">
        <test-method status="PASS" signature="openFlipkart()[pri:0, instance:tests.Search_iphoneTest@6156496]" name="openFlipkart" is-config="true" duration-ms="14040" started-at="2020-10-08T13:49:13Z" finished-at="2020-10-08T13:49:27Z">
          <reporter-output>
          </reporter-output>
        </test-method> <!-- openFlipkart -->
        <test-method status="PASS" signature="search_iphone()[pri:0, instance:tests.Search_iphoneTest@6156496]" name="search_iphone" duration-ms="11111" started-at="2020-10-08T13:49:27Z" finished-at="2020-10-08T13:49:38Z">
          <reporter-output>
          </reporter-output>
        </test-method> <!-- search_iphone -->
      </class> <!-- tests.Search_iphoneTest -->
    </test> <!-- Test -->
  </suite> <!-- Suite -->
</testng-results>
